<?xml version="1.0" encoding="UTF-8"?>
<!-- Generated by org.testng.reporters.JUnitXMLReporter -->
<testsuite ignored="0" hostname="DESKTOP-MI5Q195" failures="0" tests="4" name="Test" time="35.573" errors="0" timestamp="2023-07-15T16:45:30 IST">
  <testcase classname="testcases.SignupTestCases" name="verifySignup" time="13.528"/>
  <testcase classname="testcases.LoginTestCase" name="verifyLogin" time="0.782"/>
  <testcase classname="testcases.LoginTestCase" name="verifyLogin" time="0.882"/>
  <testcase classname="testcases.LoginTestCase" name="verifyLogin" time="1.077"/>
</testsuite> <!-- Test -->
