<?xml version="1.0" encoding="UTF-8"?>
<testng-results ignored="0" total="4" passed="4" failed="0" skipped="0">
  <reporter-output>
  </reporter-output>
  <suite started-at="2023-07-15T16:44:55 IST" name="Suite" finished-at="2023-07-15T16:45:30 IST" duration-ms="35573">
    <groups>
    </groups>
    <test started-at="2023-07-15T16:44:55 IST" name="Test" finished-at="2023-07-15T16:45:30 IST" duration-ms="35573">
      <class name="testcases.SignupTestCases">
        <test-method is-config="true" signature="launchBrowserandURL()[pri:0, instance:testcases.SignupTestCases@76505305]" started-at="2023-07-15T16:44:55 IST" name="launchBrowserandURL" finished-at="2023-07-15T16:45:01 IST" duration-ms="6735" status="PASS">
          <reporter-output>
          </reporter-output>
        </test-method> <!-- launchBrowserandURL -->
        <test-method signature="verifySignup()[pri:0, instance:testcases.SignupTestCases@76505305]" started-at="2023-07-15T16:45:01 IST" name="verifySignup" finished-at="2023-07-15T16:45:15 IST" duration-ms="13528" status="PASS">
          <reporter-output>
          </reporter-output>
        </test-method> <!-- verifySignup -->
      </class> <!-- testcases.SignupTestCases -->
      <class name="testcases.LoginTestCase">
        <test-method is-config="true" signature="launchBrowserandURL()[pri:0, instance:testcases.LoginTestCase@3c41ed1d]" started-at="2023-07-15T16:45:15 IST" name="launchBrowserandURL" finished-at="2023-07-15T16:45:19 IST" duration-ms="3927" status="PASS">
          <reporter-output>
          </reporter-output>
        </test-method> <!-- launchBrowserandURL -->
        <test-method signature="verifyLogin(java.lang.String,java.lang.String)[pri:0, instance:testcases.LoginTestCase@3c41ed1d]" started-at="2023-07-15T16:45:19 IST" name="verifyLogin" data-provider="testData" finished-at="2023-07-15T16:45:20 IST" duration-ms="782" status="PASS">
          <params>
            <param index="0">
              <value>
                <![CDATA[rahul]]>
              </value>
            </param>
            <param index="1">
              <value>
                <![CDATA[secure123]]>
              </value>
            </param>
          </params>
          <reporter-output>
          </reporter-output>
        </test-method> <!-- verifyLogin -->
        <test-method is-config="true" signature="launchBrowserandURL()[pri:0, instance:testcases.LoginTestCase@3c41ed1d]" started-at="2023-07-15T16:45:20 IST" name="launchBrowserandURL" finished-at="2023-07-15T16:45:24 IST" duration-ms="3937" status="PASS">
          <reporter-output>
          </reporter-output>
        </test-method> <!-- launchBrowserandURL -->
        <test-method signature="verifyLogin(java.lang.String,java.lang.String)[pri:0, instance:testcases.LoginTestCase@3c41ed1d]" started-at="2023-07-15T16:45:24 IST" name="verifyLogin" data-provider="testData" finished-at="2023-07-15T16:45:24 IST" duration-ms="882" status="PASS">
          <params>
            <param index="0">
              <value>
                <![CDATA[sujata]]>
              </value>
            </param>
            <param index="1">
              <value>
                <![CDATA[Pass@123]]>
              </value>
            </param>
          </params>
          <reporter-output>
          </reporter-output>
        </test-method> <!-- verifyLogin -->
        <test-method is-config="true" signature="launchBrowserandURL()[pri:0, instance:testcases.LoginTestCase@3c41ed1d]" started-at="2023-07-15T16:45:24 IST" name="launchBrowserandURL" finished-at="2023-07-15T16:45:29 IST" duration-ms="4595" status="PASS">
          <reporter-output>
          </reporter-output>
        </test-method> <!-- launchBrowserandURL -->
        <test-method signature="verifyLogin(java.lang.String,java.lang.String)[pri:0, instance:testcases.LoginTestCase@3c41ed1d]" started-at="2023-07-15T16:45:29 IST" name="verifyLogin" data-provider="testData" finished-at="2023-07-15T16:45:30 IST" duration-ms="1077" status="PASS">
          <params>
            <param index="0">
              <value>
                <![CDATA[poonam]]>
              </value>
            </param>
            <param index="1">
              <value>
                <![CDATA[abcd123]]>
              </value>
            </param>
          </params>
          <reporter-output>
          </reporter-output>
        </test-method> <!-- verifyLogin -->
      </class> <!-- testcases.LoginTestCase -->
    </test> <!-- Test -->
  </suite> <!-- Suite -->
</testng-results>
